<?xml version="1.0" encoding="UTF-8"?>
<!-- Generated by org.testng.reporters.JUnitReportReporter -->
<testsuite hostname="P4A-508SD5Q" name="com.accenture.test.RegistrationTest" tests="1" failures="0" timestamp="25 Jul 2018 07:01:48 GMT" time="22.453" errors="0">
  <testcase name="TestRegistration" time="22.453" classname="com.accenture.test.RegistrationTest"/>
</testsuite> <!-- com.accenture.test.RegistrationTest -->
